E:\WORK\SOFT20091 SW DESIGN & IMPLEMENTATION\LINKEDLIST\LINKEDLIST\DEBUG\LINKEDLIST.ILK
E:\WORK\SOFT20091 SW DESIGN & IMPLEMENTATION\LINKEDLIST\LINKEDLIST\DEBUG\LINKEDLIST.EXE
E:\WORK\SOFT20091 SW DESIGN & IMPLEMENTATION\LINKEDLIST\LINKEDLIST\DEBUG\LINKEDLIST.PDB
E:\WORK\SOFT20091 SW DESIGN & IMPLEMENTATION\LINKEDLIST\DEBUG\LINKEDLIST.ILK
E:\WORK\SOFT20091 SW DESIGN & IMPLEMENTATION\LINKEDLIST\DEBUG\LINKEDLIST.EXE
E:\WORK\SOFT20091 SW DESIGN & IMPLEMENTATION\LINKEDLIST\DEBUG\LINKEDLIST.PDB
E:\WORK\SOFT20091 SW DESIGN & IMPLEMENTATION\LINKEDLIST\LINKEDLIST\DEBUG\MAIN.OBJ
E:\WORK\SOFT20091 SW DESIGN & IMPLEMENTATION\LINKEDLIST\LINKEDLIST\DEBUG\VC110.PDB
E:\Work\SOFT20091 Sw Design & Implementation\LinkedList\LinkedList\Debug\main.obj
E:\Work\SOFT20091 Sw Design & Implementation\LinkedList\LinkedList\Debug\LinkedList.ilk
E:\Work\SOFT20091 Sw Design & Implementation\LinkedList\LinkedList\Debug\link-cvtres.write.1.tlog
E:\Work\SOFT20091 Sw Design & Implementation\LinkedList\LinkedList\Debug\link.read.1.tlog
E:\Work\SOFT20091 Sw Design & Implementation\LinkedList\LinkedList\Debug\link.write.1.tlog
E:\Work\SOFT20091 Sw Design & Implementation\LinkedList\LinkedList\Debug\link.command.1.tlog
E:\Work\SOFT20091 Sw Design & Implementation\LinkedList\LinkedList\Debug\CL.read.1.tlog
E:\Work\SOFT20091 Sw Design & Implementation\LinkedList\LinkedList\Debug\CL.write.1.tlog
E:\Work\SOFT20091 Sw Design & Implementation\LinkedList\LinkedList\Debug\cl.command.1.tlog
E:\Work\SOFT20091 Sw Design & Implementation\LinkedList\LinkedList\Debug\link-rc.read.1.tlog
E:\Work\SOFT20091 Sw Design & Implementation\LinkedList\LinkedList\Debug\link-rc.write.1.tlog
E:\Work\SOFT20091 Sw Design & Implementation\LinkedList\LinkedList\Debug\link-cvtres.read.1.tlog
E:\Work\SOFT20091 Sw Design & Implementation\LinkedList\LinkedList\Debug\vc110.idb
E:\Work\SOFT20091 Sw Design & Implementation\LinkedList\LinkedList\Debug\LinkedList.pdb
E:\Work\SOFT20091 Sw Design & Implementation\LinkedList\LinkedList\Debug\vc110.pdb
E:\Work\SOFT20091 Sw Design & Implementation\LinkedList\Debug\LinkedList.pdb
E:\Work\SOFT20091 Sw Design & Implementation\LinkedList\Debug\LinkedList.exe
E:\Work\SOFT20091 Sw Design & Implementation\LinkedList\Debug\LinkedList.ilk
